<?xml version="1.0" encoding="UTF-8"?>
<testng-results skipped="0" failed="0" total="1" passed="1">
  <reporter-output>
  </reporter-output>
  <suite name="Suite1" duration-ms="6701" started-at="2019-01-02T01:26:30Z" finished-at="2019-01-02T01:26:37Z">
    <groups>
      <group name="test">
        <method signature="Assassinate.firstTest()[pri:0, instance:killer.Assassinate@124753a]" name="firstTest" class="killer.Assassinate"/>
      </group> <!-- test -->
    </groups>
    <test name="sampleTest" duration-ms="6701" started-at="2019-01-02T01:26:30Z" finished-at="2019-01-02T01:26:37Z">
      <class name="killer.Assassinate">
        <test-method status="PASS" signature="beforeMethod()[pri:0, instance:killer.Assassinate@124753a]" name="beforeMethod" is-config="true" duration-ms="4229" started-at="2019-01-01T20:26:30Z" finished-at="2019-01-01T20:26:34Z">
          <reporter-output>
          </reporter-output>
        </test-method> <!-- beforeMethod -->
        <test-method status="PASS" signature="firstTest()[pri:0, instance:killer.Assassinate@124753a]" name="firstTest" duration-ms="1644" started-at="2019-01-01T20:26:34Z" finished-at="2019-01-01T20:26:36Z">
          <reporter-output>
          </reporter-output>
        </test-method> <!-- firstTest -->
        <test-method status="PASS" signature="tearDown()[pri:0, instance:killer.Assassinate@124753a]" name="tearDown" is-config="true" duration-ms="815" started-at="2019-01-01T20:26:36Z" finished-at="2019-01-01T20:26:37Z">
          <reporter-output>
          </reporter-output>
        </test-method> <!-- tearDown -->
      </class> <!-- killer.Assassinate -->
    </test> <!-- sampleTest -->
  </suite> <!-- Suite1 -->
</testng-results>
